<testsuite name="Mocha Tests" tests="3" failures="0" errors="0" skipped="0" timestamp="Sun, 21 Jun 2026 22:03:40 GMT" time="0.003">
<testcase classname="Testes da classe ServicoDePagamento (ESM)" name="Deve classificar o pagamento como &#x22;cara&#x22; se o valor for maior que 100" file="C:\Projects\TrabalhoDeConclusao\test\ServicoDePagamento.test.js" time="0"/>
<testcase classname="Testes da classe ServicoDePagamento (ESM)" name="Deve classificar o pagamento como &#x22;padr&#xE3;o&#x22; se o valor for menor ou igual a 100" file="C:\Projects\TrabalhoDeConclusao\test\ServicoDePagamento.test.js" time="0"/>
<testcase classname="Testes da classe ServicoDePagamento (ESM)" name="Deve retornar apenas o &#xDA;LTIMO pagamento realizado" file="C:\Projects\TrabalhoDeConclusao\test\ServicoDePagamento.test.js" time="0"/>
</testsuite>
